<?xml version="1.0" encoding="UTF-8"?>
<!-- Generated by org.testng.reporters.JUnitXMLReporter -->
<testsuite ignored="0" hostname="LAPTOP-L5VJCAPT" failures="0" tests="4" name="Default test" time="6.743" errors="0" timestamp="2024-01-05T16:27:51 IST">
  <testcase classname="api.test.UserTest" name="testPostUser" time="2.445"/>
  <testcase classname="api.test.UserTest" name="testGetUser" time="1.02"/>
  <testcase classname="api.test.UserTest" name="testUpdateUser" time="1.958"/>
  <testcase classname="api.test.UserTest" name="testDeleteUser" time="1.0"/>
</testsuite> <!-- Default test -->
