<?xml version="1.0" encoding="UTF-8"?>
<!-- Generated by org.testng.reporters.JUnitXMLReporter -->
<testsuite ignored="0" hostname="LAPTOP-L5VJCAPT" failures="0" tests="4" name="Test" time="6.724" errors="0" timestamp="2024-01-05T16:45:03 IST">
  <testcase classname="api.test.UserTest" name="testPostUser" time="2.33"/>
  <testcase classname="api.test.UserTest" name="testGetUser" time="1.003"/>
  <testcase classname="api.test.UserTest" name="testUpdateUser" time="2.021"/>
  <testcase classname="api.test.UserTest" name="testDeleteUser" time="1.022"/>
</testsuite> <!-- Test -->
